
1:,
2:FiZZBUZZ++,
3:FIZZ,
4:,
5:BUZZ,
6:FIZZ,
7:FiZZBUZZ++,
8:,
9:FIZZ,
10:BUZZ,
11:FiZZBUZZ++,
12:FIZZ,
13:FiZZBUZZ++,
14:,
15:FIZZBUZZ,
16:,
17:FiZZBUZZ++,
18:FIZZ,
19:FiZZBUZZ++,
20:BUZZ,
21:FIZZ,
22:,
23:FiZZBUZZ++,
24:FIZZ,
25:BUZZ,
26:,
27:FIZZ,
28:,
29:FiZZBUZZ++,
30:FIZZBUZZ,
31:FiZZBUZZ++,
32:,
33:FIZZ,
34:,
35:BUZZ,
36:FIZZ,
37:FiZZBUZZ++,
38:,
39:FIZZ,
40:BUZZ,
41:FiZZBUZZ++,
42:FIZZ,
43:FiZZBUZZ++,
44:,
45:FIZZBUZZ,
46:,
47:FiZZBUZZ++,
48:FIZZ,
49:,
50:BUZZ,
51:FIZZ,
52:,
53:FiZZBUZZ++,
54:FIZZ,
55:BUZZ,
56:,
57:FIZZ,
58:,
59:FiZZBUZZ++,
60:FIZZBUZZ,
61:FiZZBUZZ++,
62:,
63:FIZZ,
64:,
65:BUZZ,
66:FIZZ,
67:FiZZBUZZ++,
68:,
69:FIZZ,
70:BUZZ,
71:FiZZBUZZ++,
72:FIZZ,
73:FiZZBUZZ++,
74:,
75:FIZZBUZZ,
76:,
77:,
78:FIZZ,
79:FiZZBUZZ++,
80:BUZZ,
81:FIZZ,
82:,
83:FiZZBUZZ++,
84:FIZZ,
85:BUZZ,
86:,
87:FIZZ,
88:,
89:FiZZBUZZ++,
90:FIZZBUZZ,
91:,
92:,
93:FIZZ,
94:,
95:BUZZ,
96:FIZZ,
97:FiZZBUZZ++,
98:,
99:FIZZ,
100:BUZZ,
101:FiZZBUZZ++,
102:FIZZ,
103:FiZZBUZZ++,
104:,
105:FIZZBUZZ,
106:,
107:FiZZBUZZ++,
108:FIZZ,
109:FiZZBUZZ++,
110:BUZZ,
111:FIZZ,
112:,
113:FiZZBUZZ++,
114:FIZZ,
115:BUZZ,
116:,
117:FIZZ,
118:,
119:,
120:FIZZBUZZ,
121:,
122:,
123:FIZZ,
124:,
125:BUZZ,
126:FIZZ,
127:FiZZBUZZ++,
128:,
129:FIZZ,
130:BUZZ,
131:FiZZBUZZ++,
132:FIZZ,
133:,
134:,
135:FIZZBUZZ,
136:,
137:FiZZBUZZ++,
138:FIZZ,
139:FiZZBUZZ++,
140:BUZZ,
141:FIZZ,
142:,
143:,
144:FIZZ,
145:BUZZ,
146:,
147:FIZZ,
148:,
149:FiZZBUZZ++,
150:FIZZBUZZ,
151:FiZZBUZZ++,
152:,
153:FIZZ,
154:,
155:BUZZ,
156:FIZZ,
157:FiZZBUZZ++,
158:,
159:FIZZ,
160:BUZZ,
161:,
162:FIZZ,
163:FiZZBUZZ++,
164:,
165:FIZZBUZZ,
166:,
167:FiZZBUZZ++,
168:FIZZ,
169:,
170:BUZZ,
171:FIZZ,
172:,
173:FiZZBUZZ++,
174:FIZZ,
175:BUZZ,
176:,
177:FIZZ,
178:,
179:FiZZBUZZ++,
180:FIZZBUZZ,
181:FiZZBUZZ++,
182:,
183:FIZZ,
184:,
185:BUZZ,
186:FIZZ,
187:,
188:,
189:FIZZ,
190:BUZZ,
191:FiZZBUZZ++,
192:FIZZ,
193:FiZZBUZZ++,
194:,
195:FIZZBUZZ,
196:,
197:FiZZBUZZ++,
198:FIZZ,
199:FiZZBUZZ++,
200:BUZZ,
201:FIZZ,
202:,
203:,
204:FIZZ,
205:BUZZ,
206:,
207:FIZZ,
208:,
209:,
210:FIZZBUZZ,
211:FiZZBUZZ++,
212:,
213:FIZZ,
214:,
215:BUZZ,
216:FIZZ,
217:,
218:,
219:FIZZ,
220:BUZZ,
221:,
222:FIZZ,
223:FiZZBUZZ++,
224:,
225:FIZZBUZZ,
226:,
227:FiZZBUZZ++,
228:FIZZ,
229:FiZZBUZZ++,
230:BUZZ,
231:FIZZ,
232:,
233:FiZZBUZZ++,
234:FIZZ,
235:BUZZ,
236:,
237:FIZZ,
238:,
239:FiZZBUZZ++,
240:FIZZBUZZ,
241:FiZZBUZZ++,
242:,
243:FIZZ,
244:,
245:BUZZ,
246:FIZZ,
247:,
248:,
249:FIZZ,
250:BUZZ,
251:FiZZBUZZ++,
252:FIZZ,
253:,
254:,
255:FIZZBUZZ,
256:,
257:FiZZBUZZ++,
258:FIZZ,
259:,
260:BUZZ,
261:FIZZ,
262:,
263:FiZZBUZZ++,
264:FIZZ,
265:BUZZ,
266:,
267:FIZZ,
268:,
269:FiZZBUZZ++,
270:FIZZBUZZ,
271:FiZZBUZZ++,
272:,
273:FIZZ,
274:,
275:BUZZ,
276:FIZZ,
277:FiZZBUZZ++,
278:,
279:FIZZ,
280:BUZZ,
281:FiZZBUZZ++,
282:FIZZ,
283:FiZZBUZZ++,
284:,
285:FIZZBUZZ,
286:,
287:,
288:FIZZ,
289:,
290:BUZZ,
291:FIZZ,
292:,
293:FiZZBUZZ++,
294:FIZZ,
295:BUZZ,
296:,
297:FIZZ,
298:,
299:,
300:FIZZBUZZ,
301:,
302:,
303:FIZZ,
304:,
305:BUZZ,
306:FIZZ,
307:FiZZBUZZ++,
308:,
309:FIZZ,
310:BUZZ,
311:FiZZBUZZ++,
312:FIZZ,
313:FiZZBUZZ++,
314:,
315:FIZZBUZZ,
316:,
317:FiZZBUZZ++,
318:FIZZ,
319:,
320:BUZZ,
321:FIZZ,
322:,
323:,
324:FIZZ,
325:BUZZ,
326:,
327:FIZZ,
328:,
329:,
330:FIZZBUZZ,
331:FiZZBUZZ++,
332:,
333:FIZZ,
334:,
335:BUZZ,
336:FIZZ,
337:FiZZBUZZ++,
338:,
339:FIZZ,
340:BUZZ,
341:,
342:FIZZ,
343:,
344:,
345:FIZZBUZZ,
346:,
347:FiZZBUZZ++,
348:FIZZ,
349:FiZZBUZZ++,
350:BUZZ,
351:FIZZ,
352:,
353:FiZZBUZZ++,
354:FIZZ,
355:BUZZ,
356:,
357:FIZZ,
358:,
359:FiZZBUZZ++,
360:FIZZBUZZ,
361:,
362:,
363:FIZZ,
364:,
365:BUZZ,
366:FIZZ,
367:FiZZBUZZ++,
368:,
369:FIZZ,
370:BUZZ,
371:,
372:FIZZ,
373:FiZZBUZZ++,
374:,
375:FIZZBUZZ,
376:,
377:,
378:FIZZ,
379:FiZZBUZZ++,
380:BUZZ,
381:FIZZ,
382:,
383:FiZZBUZZ++,
384:FIZZ,
385:BUZZ,
386:,
387:FIZZ,
388:,
389:FiZZBUZZ++,
390:FIZZBUZZ,
391:,
392:,
393:FIZZ,
394:,
395:BUZZ,
396:FIZZ,
397:FiZZBUZZ++,
398:,
399:FIZZ,
400:BUZZ,
401:FiZZBUZZ++,
402:FIZZ,
403:,
404:,
405:FIZZBUZZ,
406:,
407:,
408:FIZZ,
409:FiZZBUZZ++,
410:BUZZ,
411:FIZZ,
412:,
413:,
414:FIZZ,
415:BUZZ,
416:,
417:FIZZ,
418:,
419:FiZZBUZZ++,
420:FIZZBUZZ,
421:FiZZBUZZ++,
422:,
423:FIZZ,
424:,
425:BUZZ,
426:FIZZ,
427:,
428:,
429:FIZZ,
430:BUZZ,
431:FiZZBUZZ++,
432:FIZZ,
433:FiZZBUZZ++,
434:,
435:FIZZBUZZ,
436:,
437:,
438:FIZZ,
439:FiZZBUZZ++,
440:BUZZ,
441:FIZZ,
442:,
443:FiZZBUZZ++,
444:FIZZ,
445:BUZZ,
446:,
447:FIZZ,
448:,
449:FiZZBUZZ++,
450:FIZZBUZZ,
451:,
452:,
453:FIZZ,
454:,
455:BUZZ,
456:FIZZ,
457:FiZZBUZZ++,
458:,
459:FIZZ,
460:BUZZ,
461:FiZZBUZZ++,
462:FIZZ,
463:FiZZBUZZ++,
464:,
465:FIZZBUZZ,
466:,
467:FiZZBUZZ++,
468:FIZZ,
469:,
470:BUZZ,
471:FIZZ,
472:,
473:,
474:FIZZ,
475:BUZZ,
476:,
477:FIZZ,
478:,
479:FiZZBUZZ++,
480:FIZZBUZZ,
481:,
482:,
483:FIZZ,
484:,
485:BUZZ,
486:FIZZ,
487:FiZZBUZZ++,
488:,
489:FIZZ,
490:BUZZ,
491:FiZZBUZZ++,
492:FIZZ,
493:,
494:,
495:FIZZBUZZ,
496:,
497:,
498:FIZZ,
499:FiZZBUZZ++